# JRE version: OpenJDK Runtime Environment (11.0.11+9) (build 11.0.11+9-b60-7590822)
# Java VM: OpenJDK 64-Bit Server VM (11.0.11+9-b60-7590822, mixed mode, tiered, compressed oops, g1 gc, windows-amd64)
Heap:
 garbage-first heap   total 227328K, used 174641K [0x0000000080000000, 0x0000000100000000)
  region size 1024K, 28 young (28672K), 2 survivors (2048K)
 Metaspace       used 138084K, capacity 142242K, committed 142704K, reserved 1173504K
  class space    used 17228K, capacity 18765K, committed 19148K, reserved 1048576K
GC Heap History (20 events):
Event: 6343.651 GC heap before
{Heap before GC invocations=108 (full 0):
 garbage-first heap   total 227328K, used 155130K [0x0000000080000000, 0x0000000100000000)
  region size 1024K, 3 young (3072K), 2 survivors (2048K)
 Metaspace       used 136958K, capacity 140913K, committed 141936K, reserved 1171456K
  class space    used 17137K, capacity 18599K, committed 19148K, reserved 1048576K
}
Event: 6343.666 GC heap after
{Heap after GC invocations=109 (full 0):
 garbage-first heap   total 227328K, used 155130K [0x0000000080000000, 0x0000000100000000)
  region size 1024K, 2 young (2048K), 2 survivors (2048K)
 Metaspace       used 136958K, capacity 140913K, committed 141936K, reserved 1171456K
  class space    used 17137K, capacity 18599K, committed 19148K, reserved 1048576K
}
Event: 6349.967 GC heap before
{Heap before GC invocations=110 (full 0):
 garbage-first heap   total 227328K, used 181754K [0x0000000080000000, 0x0000000100000000)
  region size 1024K, 22 young (22528K), 2 survivors (2048K)
 Metaspace       used 137232K, capacity 141293K, committed 141936K, reserved 1171456K
  class space    used 17202K, capacity 18720K, committed 19148K, reserved 1048576K
}
Event: 6349.977 GC heap after
{Heap after GC invocations=111 (full 0):
 garbage-first heap   total 227328K, used 152233K [0x0000000080000000, 0x0000000100000000)
  region size 1024K, 2 young (2048K), 2 survivors (2048K)
 Metaspace       used 137232K, capacity 141293K, committed 141936K, reserved 1171456K
  class space    used 17202K, capacity 18720K, committed 19148K, reserved 1048576K
}
Event: 6350.020 GC heap before
{Heap before GC invocations=111 (full 0):
 garbage-first heap   total 227328K, used 161449K [0x0000000080000000, 0x0000000100000000)
  region size 1024K, 11 young (11264K), 2 survivors (2048K)
 Metaspace       used 137232K, capacity 141293K, committed 141936K, reserved 1171456K
  class space    used 17202K, capacity 18720K, committed 19148K, reserved 1048576K
}
Event: 6350.048 GC heap after
{Heap after GC invocations=112 (full 0):
 garbage-first heap   total 227328K, used 148460K [0x0000000080000000, 0x0000000100000000)
  region size 1024K, 2 young (2048K), 2 survivors (2048K)
 Metaspace       used 137232K, capacity 141293K, committed 141936K, reserved 1171456K
  class space    used 17202K, capacity 18720K, committed 19148K, reserved 1048576K
}
Event: 6350.303 GC heap before
{Heap before GC invocations=112 (full 0):
 garbage-first heap   total 227328K, used 173036K [0x0000000080000000, 0x0000000100000000)
  region size 1024K, 27 young (27648K), 2 survivors (2048K)
 Metaspace       used 137245K, capacity 141293K, committed 141936K, reserved 1171456K
  class space    used 17202K, capacity 18720K, committed 19148K, reserved 1048576K
}
Event: 6350.321 GC heap after
{Heap after GC invocations=113 (full 0):
 garbage-first heap   total 227328K, used 151552K [0x0000000080000000, 0x0000000100000000)
  region size 1024K, 4 young (4096K), 4 survivors (4096K)
 Metaspace       used 137245K, capacity 141293K, committed 141936K, reserved 1171456K
  class space    used 17202K, capacity 18720K, committed 19148K, reserved 1048576K
}
Event: 6351.308 GC heap before
{Heap before GC invocations=114 (full 0):
 garbage-first heap   total 227328K, used 173056K [0x0000000080000000, 0x0000000100000000)
  region size 1024K, 30 young (30720K), 4 survivors (4096K)
 Metaspace       used 137389K, capacity 141546K, committed 142192K, reserved 1173504K
  class space    used 17213K, capacity 18739K, committed 19148K, reserved 1048576K
}
Event: 6351.325 GC heap after
{Heap after GC invocations=115 (full 0):
 garbage-first heap   total 227328K, used 151315K [0x0000000080000000, 0x0000000100000000)
  region size 1024K, 4 young (4096K), 4 survivors (4096K)
 Metaspace       used 137389K, capacity 141546K, committed 142192K, reserved 1173504K
  class space    used 17213K, capacity 18739K, committed 19148K, reserved 1048576K
}
Event: 6351.776 GC heap before
{Heap before GC invocations=115 (full 0):
 garbage-first heap   total 227328K, used 158483K [0x0000000080000000, 0x0000000100000000)
  region size 1024K, 11 young (11264K), 4 survivors (4096K)
 Metaspace       used 137389K, capacity 141546K, committed 142192K, reserved 1173504K
  class space    used 17213K, capacity 18739K, committed 19148K, reserved 1048576K
}
Event: 6351.796 GC heap after
{Heap after GC invocations=116 (full 0):
 garbage-first heap   total 227328K, used 138980K [0x0000000080000000, 0x0000000100000000)
  region size 1024K, 2 young (2048K), 2 survivors (2048K)
 Metaspace       used 137389K, capacity 141546K, committed 142192K, reserved 1173504K
  class space    used 17213K, capacity 18739K, committed 19148K, reserved 1048576K
}
Event: 6353.023 GC heap before
{Heap before GC invocations=116 (full 0):
 garbage-first heap   total 227328K, used 170724K [0x0000000080000000, 0x0000000100000000)
  region size 1024K, 33 young (33792K), 2 survivors (2048K)
 Metaspace       used 137497K, capacity 141617K, committed 142192K, reserved 1173504K
  class space    used 17214K, capacity 18740K, committed 19148K, reserved 1048576K
}
Event: 6353.039 GC heap after
{Heap after GC invocations=117 (full 0):
 garbage-first heap   total 227328K, used 145678K [0x0000000080000000, 0x0000000100000000)
  region size 1024K, 5 young (5120K), 5 survivors (5120K)
 Metaspace       used 137497K, capacity 141617K, committed 142192K, reserved 1173504K
  class space    used 17214K, capacity 18740K, committed 19148K, reserved 1048576K
}
Event: 6354.133 GC heap before
{Heap before GC invocations=118 (full 0):
 garbage-first heap   total 227328K, used 177422K [0x0000000080000000, 0x0000000100000000)
  region size 1024K, 35 young (35840K), 5 survivors (5120K)
 Metaspace       used 137635K, capacity 141766K, committed 142192K, reserved 1173504K
  class space    used 17228K, capacity 18765K, committed 19148K, reserved 1048576K
}
Event: 6354.154 GC heap after
{Heap after GC invocations=119 (full 0):
 garbage-first heap   total 227328K, used 151698K [0x0000000080000000, 0x0000000100000000)
  region size 1024K, 5 young (5120K), 5 survivors (5120K)
 Metaspace       used 137635K, capacity 141766K, committed 142192K, reserved 1173504K
  class space    used 17228K, capacity 18765K, committed 19148K, reserved 1048576K
}
Event: 6354.271 GC heap before
{Heap before GC invocations=119 (full 0):
 garbage-first heap   total 227328K, used 157842K [0x0000000080000000, 0x0000000100000000)
  region size 1024K, 11 young (11264K), 5 survivors (5120K)
 Metaspace       used 137674K, capacity 141837K, committed 142448K, reserved 1173504K
  class space    used 17228K, capacity 18765K, committed 19148K, reserved 1048576K
}
Event: 6354.291 GC heap after
{Heap after GC invocations=120 (full 0):
 garbage-first heap   total 227328K, used 148877K [0x0000000080000000, 0x0000000100000000)
  region size 1024K, 2 young (2048K), 2 survivors (2048K)
 Metaspace       used 137674K, capacity 141837K, committed 142448K, reserved 1173504K
  class space    used 17228K, capacity 18765K, committed 19148K, reserved 1048576K
}
Event: 6354.837 GC heap before
{Heap before GC invocations=120 (full 0):
 garbage-first heap   total 227328K, used 178573K [0x0000000080000000, 0x0000000100000000)
  region size 1024K, 31 young (31744K), 2 survivors (2048K)
 Metaspace       used 137959K, capacity 142106K, committed 142704K, reserved 1173504K
  class space    used 17228K, capacity 18765K, committed 19148K, reserved 1048576K
}
Event: 6354.847 GC heap after
{Heap after GC invocations=121 (full 0):
 garbage-first heap   total 227328K, used 149041K [0x0000000080000000, 0x0000000100000000)
  region size 1024K, 2 young (2048K), 2 survivors (2048K)
 Metaspace       used 137959K, capacity 142106K, committed 142704K, reserved 1173504K
  class space    used 17228K, capacity 18765K, committed 19148K, reserved 1048576K
}

