# JRE version: OpenJDK Runtime Environment (11.0.11+9) (build 11.0.11+9-b60-7590822)
# Java VM: OpenJDK 64-Bit Server VM (11.0.11+9-b60-7590822, mixed mode, tiered, compressed oops, g1 gc, windows-amd64)
Heap:
 garbage-first heap   total 157696K, used 125515K [0x0000000080000000, 0x0000000100000000)
  region size 1024K, 22 young (22528K), 4 survivors (4096K)
 Metaspace       used 115238K, capacity 118326K, committed 118400K, reserved 1150976K
  class space    used 14786K, capacity 15987K, committed 16000K, reserved 1048576K
GC Heap History (20 events):
Event: 815.719 GC heap before
{Heap before GC invocations=51 (full 0):
 garbage-first heap   total 157696K, used 109668K [0x0000000080000000, 0x0000000100000000)
  region size 1024K, 19 young (19456K), 2 survivors (2048K)
 Metaspace       used 103620K, capacity 106304K, committed 106368K, reserved 1140736K
  class space    used 13399K, capacity 14429K, committed 14464K, reserved 1048576K
}
Event: 815.732 GC heap after
{Heap after GC invocations=52 (full 0):
 garbage-first heap   total 157696K, used 96091K [0x0000000080000000, 0x0000000100000000)
  region size 1024K, 3 young (3072K), 3 survivors (3072K)
 Metaspace       used 103620K, capacity 106304K, committed 106368K, reserved 1140736K
  class space    used 13399K, capacity 14429K, committed 14464K, reserved 1048576K
}
Event: 815.801 GC heap before
{Heap before GC invocations=52 (full 0):
 garbage-first heap   total 157696K, used 100187K [0x0000000080000000, 0x0000000100000000)
  region size 1024K, 7 young (7168K), 3 survivors (3072K)
 Metaspace       used 103623K, capacity 106304K, committed 106368K, reserved 1140736K
  class space    used 13399K, capacity 14429K, committed 14464K, reserved 1048576K
}
Event: 815.813 GC heap after
{Heap after GC invocations=53 (full 0):
 garbage-first heap   total 157696K, used 90112K [0x0000000080000000, 0x0000000100000000)
  region size 1024K, 1 young (1024K), 1 survivors (1024K)
 Metaspace       used 103623K, capacity 106304K, committed 106368K, reserved 1140736K
  class space    used 13399K, capacity 14429K, committed 14464K, reserved 1048576K
}
Event: 816.266 GC heap before
{Heap before GC invocations=53 (full 0):
 garbage-first heap   total 157696K, used 114688K [0x0000000080000000, 0x0000000100000000)
  region size 1024K, 26 young (26624K), 1 survivors (1024K)
 Metaspace       used 103905K, capacity 106559K, committed 106752K, reserved 1140736K
  class space    used 13421K, capacity 14471K, committed 14592K, reserved 1048576K
}
Event: 816.272 GC heap after
{Heap after GC invocations=54 (full 0):
 garbage-first heap   total 157696K, used 90235K [0x0000000080000000, 0x0000000100000000)
  region size 1024K, 2 young (2048K), 2 survivors (2048K)
 Metaspace       used 103905K, capacity 106559K, committed 106752K, reserved 1140736K
  class space    used 13421K, capacity 14471K, committed 14592K, reserved 1048576K
}
Event: 817.439 GC heap before
{Heap before GC invocations=55 (full 0):
 garbage-first heap   total 157696K, used 116859K [0x0000000080000000, 0x0000000100000000)
  region size 1024K, 29 young (29696K), 2 survivors (2048K)
 Metaspace       used 106312K, capacity 108994K, committed 109056K, reserved 1142784K
  class space    used 13736K, capacity 14811K, committed 14848K, reserved 1048576K
}
Event: 817.448 GC heap after
{Heap after GC invocations=56 (full 0):
 garbage-first heap   total 157696K, used 93153K [0x0000000080000000, 0x0000000100000000)
  region size 1024K, 4 young (4096K), 4 survivors (4096K)
 Metaspace       used 106312K, capacity 108994K, committed 109056K, reserved 1142784K
  class space    used 13736K, capacity 14811K, committed 14848K, reserved 1048576K
}
Event: 817.530 GC heap before
{Heap before GC invocations=56 (full 0):
 garbage-first heap   total 157696K, used 95201K [0x0000000080000000, 0x0000000100000000)
  region size 1024K, 7 young (7168K), 4 survivors (4096K)
 Metaspace       used 106996K, capacity 109672K, committed 109952K, reserved 1144832K
  class space    used 13839K, capacity 14909K, committed 14976K, reserved 1048576K
}
Event: 817.541 GC heap after
{Heap after GC invocations=57 (full 0):
 garbage-first heap   total 157696K, used 92829K [0x0000000080000000, 0x0000000100000000)
  region size 1024K, 1 young (1024K), 1 survivors (1024K)
 Metaspace       used 106996K, capacity 109672K, committed 109952K, reserved 1144832K
  class space    used 13839K, capacity 14909K, committed 14976K, reserved 1048576K
}
Event: 818.077 GC heap before
{Heap before GC invocations=57 (full 0):
 garbage-first heap   total 157696K, used 106141K [0x0000000080000000, 0x0000000100000000)
  region size 1024K, 16 young (16384K), 1 survivors (1024K)
 Metaspace       used 110597K, capacity 113386K, committed 113408K, reserved 1146880K
  class space    used 14266K, capacity 15341K, committed 15360K, reserved 1048576K
}
Event: 818.084 GC heap after
{Heap after GC invocations=58 (full 0):
 garbage-first heap   total 157696K, used 93519K [0x0000000080000000, 0x0000000100000000)
  region size 1024K, 2 young (2048K), 2 survivors (2048K)
 Metaspace       used 110597K, capacity 113386K, committed 113408K, reserved 1146880K
  class space    used 14266K, capacity 15341K, committed 15360K, reserved 1048576K
}
Event: 819.709 GC heap before
{Heap before GC invocations=59 (full 0):
 garbage-first heap   total 157696K, used 123215K [0x0000000080000000, 0x0000000100000000)
  region size 1024K, 29 young (29696K), 2 survivors (2048K)
 Metaspace       used 111250K, capacity 114073K, committed 114304K, reserved 1148928K
  class space    used 14313K, capacity 15397K, committed 15488K, reserved 1048576K
}
Event: 819.722 GC heap after
{Heap after GC invocations=60 (full 0):
 garbage-first heap   total 157696K, used 102671K [0x0000000080000000, 0x0000000100000000)
  region size 1024K, 4 young (4096K), 4 survivors (4096K)
 Metaspace       used 111250K, capacity 114073K, committed 114304K, reserved 1148928K
  class space    used 14313K, capacity 15397K, committed 15488K, reserved 1048576K
}
Event: 819.822 GC heap before
{Heap before GC invocations=60 (full 0):
 garbage-first heap   total 157696K, used 105743K [0x0000000080000000, 0x0000000100000000)
  region size 1024K, 7 young (7168K), 4 survivors (4096K)
 Metaspace       used 111375K, capacity 114159K, committed 114304K, reserved 1148928K
  class space    used 14330K, capacity 15404K, committed 15488K, reserved 1048576K
}
Event: 819.835 GC heap after
{Heap after GC invocations=61 (full 0):
 garbage-first heap   total 157696K, used 103114K [0x0000000080000000, 0x0000000100000000)
  region size 1024K, 1 young (1024K), 1 survivors (1024K)
 Metaspace       used 111375K, capacity 114159K, committed 114304K, reserved 1148928K
  class space    used 14330K, capacity 15404K, committed 15488K, reserved 1048576K
}
Event: 820.863 GC heap before
{Heap before GC invocations=61 (full 0):
 garbage-first heap   total 157696K, used 125642K [0x0000000080000000, 0x0000000100000000)
  region size 1024K, 23 young (23552K), 1 survivors (1024K)
 Metaspace       used 113041K, capacity 115862K, committed 115968K, reserved 1148928K
  class space    used 14483K, capacity 15585K, committed 15616K, reserved 1048576K
}
Event: 820.871 GC heap after
{Heap after GC invocations=62 (full 0):
 garbage-first heap   total 157696K, used 105153K [0x0000000080000000, 0x0000000100000000)
  region size 1024K, 3 young (3072K), 3 survivors (3072K)
 Metaspace       used 113041K, capacity 115862K, committed 115968K, reserved 1148928K
  class space    used 14483K, capacity 15585K, committed 15616K, reserved 1048576K
}
Event: 821.644 GC heap before
{Heap before GC invocations=63 (full 0):
 garbage-first heap   total 157696K, used 128705K [0x0000000080000000, 0x0000000100000000)
  region size 1024K, 25 young (25600K), 3 survivors (3072K)
 Metaspace       used 113949K, capacity 116926K, committed 117120K, reserved 1150976K
  class space    used 14586K, capacity 15735K, committed 15744K, reserved 1048576K
}
Event: 821.659 GC heap after
{Heap after GC invocations=64 (full 0):
 garbage-first heap   total 157696K, used 109131K [0x0000000080000000, 0x0000000100000000)
  region size 1024K, 4 young (4096K), 4 survivors (4096K)
 Metaspace       used 113949K, capacity 116926K, committed 117120K, reserved 1150976K
  class space    used 14586K, capacity 15735K, committed 15744K, reserved 1048576K
}

