# JRE version: OpenJDK Runtime Environment (11.0.11+9) (build 11.0.11+9-b60-7590822)
# Java VM: OpenJDK 64-Bit Server VM (11.0.11+9-b60-7590822, mixed mode, tiered, compressed oops, g1 gc, windows-amd64)
Heap:
 garbage-first heap   total 193536K, used 113393K [0x0000000080000000, 0x0000000100000000)
  region size 1024K, 6 young (6144K), 1 survivors (1024K)
 Metaspace       used 131522K, capacity 136011K, committed 136192K, reserved 1167360K
  class space    used 16443K, capacity 18069K, committed 18176K, reserved 1048576K
GC Heap History (20 events):
Event: 5173.295 GC heap before
{Heap before GC invocations=200 (full 0):
 garbage-first heap   total 193536K, used 124572K [0x0000000080000000, 0x0000000100000000)
  region size 1024K, 9 young (9216K), 1 survivors (1024K)
 Metaspace       used 128008K, capacity 132111K, committed 132352K, reserved 1163264K
  class space    used 16047K, capacity 17603K, committed 17664K, reserved 1048576K
}
Event: 5173.333 GC heap after
{Heap after GC invocations=201 (full 0):
 garbage-first heap   total 193536K, used 115509K [0x0000000080000000, 0x0000000100000000)
  region size 1024K, 1 young (1024K), 1 survivors (1024K)
 Metaspace       used 128008K, capacity 132111K, committed 132352K, reserved 1163264K
  class space    used 16047K, capacity 17603K, committed 17664K, reserved 1048576K
}
Event: 5173.578 GC heap before
{Heap before GC invocations=201 (full 0):
 garbage-first heap   total 193536K, used 123701K [0x0000000080000000, 0x0000000100000000)
  region size 1024K, 9 young (9216K), 1 survivors (1024K)
 Metaspace       used 128029K, capacity 132175K, committed 132352K, reserved 1163264K
  class space    used 16047K, capacity 17603K, committed 17664K, reserved 1048576K
}
Event: 5173.589 GC heap after
{Heap after GC invocations=202 (full 0):
 garbage-first heap   total 193536K, used 115588K [0x0000000080000000, 0x0000000100000000)
  region size 1024K, 1 young (1024K), 1 survivors (1024K)
 Metaspace       used 128029K, capacity 132175K, committed 132352K, reserved 1163264K
  class space    used 16047K, capacity 17603K, committed 17664K, reserved 1048576K
}
Event: 5175.554 GC heap before
{Heap before GC invocations=203 (full 0):
 garbage-first heap   total 193536K, used 149380K [0x0000000080000000, 0x0000000100000000)
  region size 1024K, 35 young (35840K), 1 survivors (1024K)
 Metaspace       used 128088K, capacity 132236K, committed 132352K, reserved 1163264K
  class space    used 16047K, capacity 17602K, committed 17664K, reserved 1048576K
}
Event: 5175.565 GC heap after
{Heap after GC invocations=204 (full 0):
 garbage-first heap   total 193536K, used 115949K [0x0000000080000000, 0x0000000100000000)
  region size 1024K, 2 young (2048K), 2 survivors (2048K)
 Metaspace       used 128088K, capacity 132236K, committed 132352K, reserved 1163264K
  class space    used 16047K, capacity 17602K, committed 17664K, reserved 1048576K
}
Event: 5175.642 GC heap before
{Heap before GC invocations=204 (full 0):
 garbage-first heap   total 193536K, used 123117K [0x0000000080000000, 0x0000000100000000)
  region size 1024K, 9 young (9216K), 2 survivors (2048K)
 Metaspace       used 128097K, capacity 132236K, committed 132352K, reserved 1163264K
  class space    used 16047K, capacity 17602K, committed 17664K, reserved 1048576K
}
Event: 5175.813 GC heap after
{Heap after GC invocations=205 (full 0):
 garbage-first heap   total 193536K, used 107117K [0x0000000080000000, 0x0000000100000000)
  region size 1024K, 1 young (1024K), 1 survivors (1024K)
 Metaspace       used 128097K, capacity 132236K, committed 132352K, reserved 1163264K
  class space    used 16047K, capacity 17602K, committed 17664K, reserved 1048576K
}
Event: 5176.402 GC heap before
{Heap before GC invocations=205 (full 0):
 garbage-first heap   total 193536K, used 115309K [0x0000000080000000, 0x0000000100000000)
  region size 1024K, 9 young (9216K), 1 survivors (1024K)
 Metaspace       used 128106K, capacity 132236K, committed 132352K, reserved 1163264K
  class space    used 16047K, capacity 17602K, committed 17664K, reserved 1048576K
}
Event: 5176.427 GC heap after
{Heap after GC invocations=206 (full 0):
 garbage-first heap   total 193536K, used 103538K [0x0000000080000000, 0x0000000100000000)
  region size 1024K, 1 young (1024K), 1 survivors (1024K)
 Metaspace       used 128106K, capacity 132236K, committed 132352K, reserved 1163264K
  class space    used 16047K, capacity 17602K, committed 17664K, reserved 1048576K
}
Event: 5176.715 GC heap before
{Heap before GC invocations=206 (full 0):
 garbage-first heap   total 193536K, used 111730K [0x0000000080000000, 0x0000000100000000)
  region size 1024K, 9 young (9216K), 1 survivors (1024K)
 Metaspace       used 128111K, capacity 132236K, committed 132352K, reserved 1163264K
  class space    used 16047K, capacity 17602K, committed 17664K, reserved 1048576K
}
Event: 5176.735 GC heap after
{Heap after GC invocations=207 (full 0):
 garbage-first heap   total 193536K, used 102750K [0x0000000080000000, 0x0000000100000000)
  region size 1024K, 1 young (1024K), 1 survivors (1024K)
 Metaspace       used 128111K, capacity 132236K, committed 132352K, reserved 1163264K
  class space    used 16047K, capacity 17602K, committed 17664K, reserved 1048576K
}
Event: 5177.534 GC heap before
{Heap before GC invocations=207 (full 0):
 garbage-first heap   total 193536K, used 120158K [0x0000000080000000, 0x0000000100000000)
  region size 1024K, 18 young (18432K), 1 survivors (1024K)
 Metaspace       used 128994K, capacity 133253K, committed 133504K, reserved 1165312K
  class space    used 16149K, capacity 17727K, committed 17792K, reserved 1048576K
}
Event: 5177.541 GC heap after
{Heap after GC invocations=208 (full 0):
 garbage-first heap   total 193536K, used 103613K [0x0000000080000000, 0x0000000100000000)
  region size 1024K, 2 young (2048K), 2 survivors (2048K)
 Metaspace       used 128994K, capacity 133253K, committed 133504K, reserved 1165312K
  class space    used 16149K, capacity 17727K, committed 17792K, reserved 1048576K
}
Event: 5179.684 GC heap before
{Heap before GC invocations=209 (full 0):
 garbage-first heap   total 193536K, used 124093K [0x0000000080000000, 0x0000000100000000)
  region size 1024K, 22 young (22528K), 2 survivors (2048K)
 Metaspace       used 131037K, capacity 135478K, committed 135552K, reserved 1167360K
  class space    used 16374K, capacity 18013K, committed 18048K, reserved 1048576K
}
Event: 5179.695 GC heap after
{Heap after GC invocations=210 (full 0):
 garbage-first heap   total 193536K, used 105472K [0x0000000080000000, 0x0000000100000000)
  region size 1024K, 3 young (3072K), 3 survivors (3072K)
 Metaspace       used 131037K, capacity 135478K, committed 135552K, reserved 1167360K
  class space    used 16374K, capacity 18013K, committed 18048K, reserved 1048576K
}
Event: 5180.029 GC heap before
{Heap before GC invocations=210 (full 0):
 garbage-first heap   total 193536K, used 111616K [0x0000000080000000, 0x0000000100000000)
  region size 1024K, 9 young (9216K), 3 survivors (3072K)
 Metaspace       used 131334K, capacity 135766K, committed 135808K, reserved 1167360K
  class space    used 16410K, capacity 18045K, committed 18048K, reserved 1048576K
}
Event: 5180.082 GC heap after
{Heap after GC invocations=211 (full 0):
 garbage-first heap   total 193536K, used 105147K [0x0000000080000000, 0x0000000100000000)
  region size 1024K, 1 young (1024K), 1 survivors (1024K)
 Metaspace       used 131334K, capacity 135766K, committed 135808K, reserved 1167360K
  class space    used 16410K, capacity 18045K, committed 18048K, reserved 1048576K
}
Event: 5180.194 GC heap before
{Heap before GC invocations=211 (full 0):
 garbage-first heap   total 193536K, used 107195K [0x0000000080000000, 0x0000000100000000)
  region size 1024K, 4 young (4096K), 1 survivors (1024K)
 Metaspace       used 131455K, capacity 135924K, committed 136192K, reserved 1167360K
  class space    used 16433K, capacity 18086K, committed 18176K, reserved 1048576K
}
Event: 5180.204 GC heap after
{Heap after GC invocations=212 (full 0):
 garbage-first heap   total 193536K, used 105201K [0x0000000080000000, 0x0000000100000000)
  region size 1024K, 1 young (1024K), 1 survivors (1024K)
 Metaspace       used 131455K, capacity 135924K, committed 136192K, reserved 1167360K
  class space    used 16433K, capacity 18086K, committed 18176K, reserved 1048576K
}

