# JRE version: OpenJDK Runtime Environment (11.0.11+9) (build 11.0.11+9-b60-7590822)
# Java VM: OpenJDK 64-Bit Server VM (11.0.11+9-b60-7590822, mixed mode, tiered, compressed oops, g1 gc, windows-amd64)
Heap:
 garbage-first heap   total 273408K, used 157944K [0x0000000080000000, 0x0000000100000000)
  region size 1024K, 3 young (3072K), 3 survivors (3072K)
 Metaspace       used 127209K, capacity 131144K, committed 131324K, reserved 1163264K
  class space    used 16390K, capacity 17888K, committed 17996K, reserved 1048576K
GC Heap History (20 events):
Event: 1180.544 GC heap after
{Heap after GC invocations=80 (full 0):
 garbage-first heap   total 189440K, used 159834K [0x0000000080000000, 0x0000000100000000)
  region size 1024K, 2 young (2048K), 2 survivors (2048K)
 Metaspace       used 116723K, capacity 120062K, committed 120188K, reserved 1153024K
  class space    used 14750K, capacity 15981K, committed 16076K, reserved 1048576K
}
Event: 1180.649 GC heap before
{Heap before GC invocations=80 (full 0):
 garbage-first heap   total 189440K, used 167002K [0x0000000080000000, 0x0000000100000000)
  region size 1024K, 9 young (9216K), 2 survivors (2048K)
 Metaspace       used 116892K, capacity 120222K, committed 120444K, reserved 1153024K
  class space    used 14767K, capacity 16013K, committed 16076K, reserved 1048576K
}
Event: 1180.661 GC heap after
{Heap after GC invocations=81 (full 0):
 garbage-first heap   total 189440K, used 161880K [0x0000000080000000, 0x0000000100000000)
  region size 1024K, 2 young (2048K), 2 survivors (2048K)
 Metaspace       used 116892K, capacity 120222K, committed 120444K, reserved 1153024K
  class space    used 14767K, capacity 16013K, committed 16076K, reserved 1048576K
}
Event: 1180.802 GC heap before
{Heap before GC invocations=81 (full 0):
 garbage-first heap   total 189440K, used 168024K [0x0000000080000000, 0x0000000100000000)
  region size 1024K, 9 young (9216K), 2 survivors (2048K)
 Metaspace       used 116954K, capacity 120286K, committed 120444K, reserved 1153024K
  class space    used 14768K, capacity 16013K, committed 16076K, reserved 1048576K
}
Event: 1180.808 GC heap after
{Heap after GC invocations=82 (full 0):
 garbage-first heap   total 189440K, used 162137K [0x0000000080000000, 0x0000000100000000)
  region size 1024K, 1 young (1024K), 1 survivors (1024K)
 Metaspace       used 116954K, capacity 120286K, committed 120444K, reserved 1153024K
  class space    used 14768K, capacity 16013K, committed 16076K, reserved 1048576K
}
Event: 1181.036 GC heap before
{Heap before GC invocations=82 (full 0):
 garbage-first heap   total 189440K, used 170329K [0x0000000080000000, 0x0000000100000000)
  region size 1024K, 9 young (9216K), 1 survivors (1024K)
 Metaspace       used 117054K, capacity 120425K, committed 120700K, reserved 1155072K
  class space    used 14780K, capacity 16015K, committed 16076K, reserved 1048576K
}
Event: 1181.039 GC heap after
{Heap after GC invocations=83 (full 0):
 garbage-first heap   total 189440K, used 162124K [0x0000000080000000, 0x0000000100000000)
  region size 1024K, 1 young (1024K), 1 survivors (1024K)
 Metaspace       used 117054K, capacity 120425K, committed 120700K, reserved 1155072K
  class space    used 14780K, capacity 16015K, committed 16076K, reserved 1048576K
}
Event: 1181.533 GC heap before
{Heap before GC invocations=84 (full 0):
 garbage-first heap   total 189440K, used 160076K [0x0000000080000000, 0x0000000100000000)
  region size 1024K, 9 young (9216K), 1 survivors (1024K)
 Metaspace       used 117124K, capacity 120505K, committed 120700K, reserved 1155072K
  class space    used 14783K, capacity 16020K, committed 16076K, reserved 1048576K
}
Event: 1181.540 GC heap after
{Heap after GC invocations=85 (full 0):
 garbage-first heap   total 189440K, used 155923K [0x0000000080000000, 0x0000000100000000)
  region size 1024K, 2 young (2048K), 2 survivors (2048K)
 Metaspace       used 117124K, capacity 120505K, committed 120700K, reserved 1155072K
  class space    used 14783K, capacity 16020K, committed 16076K, reserved 1048576K
}
Event: 1182.442 GC heap before
{Heap before GC invocations=85 (full 0):
 garbage-first heap   total 189440K, used 163091K [0x0000000080000000, 0x0000000100000000)
  region size 1024K, 9 young (9216K), 2 survivors (2048K)
 Metaspace       used 117128K, capacity 120505K, committed 120700K, reserved 1155072K
  class space    used 14783K, capacity 16020K, committed 16076K, reserved 1048576K
}
Event: 1182.473 GC heap after
{Heap after GC invocations=86 (full 0):
 garbage-first heap   total 189440K, used 146201K [0x0000000080000000, 0x0000000100000000)
  region size 1024K, 2 young (2048K), 2 survivors (2048K)
 Metaspace       used 117128K, capacity 120505K, committed 120700K, reserved 1155072K
  class space    used 14783K, capacity 16020K, committed 16076K, reserved 1048576K
}
Event: 1182.612 GC heap before
{Heap before GC invocations=86 (full 0):
 garbage-first heap   total 189440K, used 156441K [0x0000000080000000, 0x0000000100000000)
  region size 1024K, 12 young (12288K), 2 survivors (2048K)
 Metaspace       used 117152K, capacity 120508K, committed 120700K, reserved 1155072K
  class space    used 14783K, capacity 16020K, committed 16076K, reserved 1048576K
}
Event: 1182.627 GC heap after
{Heap after GC invocations=87 (full 0):
 garbage-first heap   total 227328K, used 149760K [0x0000000080000000, 0x0000000100000000)
  region size 1024K, 2 young (2048K), 2 survivors (2048K)
 Metaspace       used 117152K, capacity 120508K, committed 120700K, reserved 1155072K
  class space    used 14783K, capacity 16020K, committed 16076K, reserved 1048576K
}
Event: 1183.637 GC heap before
{Heap before GC invocations=87 (full 0):
 garbage-first heap   total 227328K, used 172288K [0x0000000080000000, 0x0000000100000000)
  region size 1024K, 24 young (24576K), 2 survivors (2048K)
 Metaspace       used 117481K, capacity 120851K, committed 120956K, reserved 1155072K
  class space    used 14787K, capacity 16025K, committed 16076K, reserved 1048576K
}
Event: 1183.657 GC heap after
{Heap after GC invocations=88 (full 0):
 garbage-first heap   total 227328K, used 153583K [0x0000000080000000, 0x0000000100000000)
  region size 1024K, 3 young (3072K), 3 survivors (3072K)
 Metaspace       used 117481K, capacity 120851K, committed 120956K, reserved 1155072K
  class space    used 14787K, capacity 16025K, committed 16076K, reserved 1048576K
}
Event: 1184.789 GC heap before
{Heap before GC invocations=88 (full 0):
 garbage-first heap   total 227328K, used 176111K [0x0000000080000000, 0x0000000100000000)
  region size 1024K, 26 young (26624K), 3 survivors (3072K)
 Metaspace       used 118202K, capacity 121504K, committed 121852K, reserved 1155072K
  class space    used 14865K, capacity 16085K, committed 16204K, reserved 1048576K
}
Event: 1184.808 GC heap after
{Heap after GC invocations=89 (full 0):
 garbage-first heap   total 227328K, used 155717K [0x0000000080000000, 0x0000000100000000)
  region size 1024K, 2 young (2048K), 2 survivors (2048K)
 Metaspace       used 118202K, capacity 121504K, committed 121852K, reserved 1155072K
  class space    used 14865K, capacity 16085K, committed 16204K, reserved 1048576K
}
Event: 1185.789 GC heap before
{Heap before GC invocations=89 (full 0):
 garbage-first heap   total 227328K, used 178245K [0x0000000080000000, 0x0000000100000000)
  region size 1024K, 25 young (25600K), 2 survivors (2048K)
 Metaspace       used 123500K, capacity 127127K, committed 127484K, reserved 1159168K
  class space    used 15733K, capacity 17096K, committed 17228K, reserved 1048576K
}
Event: 1185.798 GC heap after
{Heap after GC invocations=90 (full 0):
 garbage-first heap   total 227328K, used 157009K [0x0000000080000000, 0x0000000100000000)
  region size 1024K, 4 young (4096K), 4 survivors (4096K)
 Metaspace       used 123500K, capacity 127127K, committed 127484K, reserved 1159168K
  class space    used 15733K, capacity 17096K, committed 17228K, reserved 1048576K
}
Event: 1187.617 GC heap before
{Heap before GC invocations=90 (full 0):
 garbage-first heap   total 227328K, used 180561K [0x0000000080000000, 0x0000000100000000)
  region size 1024K, 28 young (28672K), 4 survivors (4096K)
 Metaspace       used 127209K, capacity 131144K, committed 131324K, reserved 1163264K
  class space    used 16390K, capacity 17888K, committed 17996K, reserved 1048576K
}

